<?xml version="1.0" encoding="UTF-8"?>
<testsuite xmlns:xsi="http://www.w3.org/2001/XMLSchema-instance" xsi:noNamespaceSchemaLocation="https://maven.apache.org/surefire/maven-surefire-plugin/xsd/surefire-test-report-3.0.xsd" version="3.0" name="mrce.accenture.user.UserServiceTest" time="1.32" tests="5" errors="0" skipped="0" failures="0">
  <properties>
[...]
</properties>
  <testcase name="test_create_user_when_email_notification_exception_should_throws_UserServiceException" classname="mrce.accenture.user.UserServiceTest" time="1.24"/>
  <testcase name="test_create_user_when_user_details_provider_should_return_new_valid_user" classname="mrce.accenture.user.UserServiceTest" time="0.009"/>
  <testcase name="test_create_user_when_email_notification_is_mock_should_return_valid_user" classname="mrce.accenture.user.UserServiceTest" time="0.007"/>
  <testcase name="test_create_user_when_save_user_throw_exception_should_throws_UserServiceException" classname="mrce.accenture.user.UserServiceTest" time="0.008"/>
  <testcase name="test_create_user_when_use_real_method_send_email_should_return_valid_user" classname="mrce.accenture.user.UserServiceTest" time="0.007">
    <system-out><![CDATA[real send email is call with mockito
]]></system-out>
  </testcase>
</testsuite>